Vivado Simulator v2024.1
Copyright 1986-2022 Xilinx, Inc. All Rights Reserved.
Copyright 2022-2024 Advanced Micro Devices, Inc. All Rights Reserved.
Running: C:/Xilinx/Vivado/2024.1/bin/unwrapped/win64.o/xelab.exe --incr --debug typical --relax --mt 2 -L xil_defaultlib -L unisims_ver -L unimacro_ver -L secureip --snapshot tb_top_behav xil_defaultlib.tb_top xil_defaultlib.glbl -log elaborate.log 
Using 2 slave threads.
Starting static elaboration
Pass Through NonSizing Optimizer
Completed static elaboration
Starting simulation data flow analysis
WARNING: [XSIM 43-4100] "D:/Summer_Practice_2024/SPI_Protocol/SPI_Protocol/SPI_Protocol.sim/sim_1/behav/xsim/glbl.v" Line 6. Module glbl has a timescale but at least one module in design doesn't have timescale.
WARNING: [XSIM 43-4100] "D:/Summer_Practice_2024/SPI_Protocol/SPI_Protocol/SPI_Protocol.sim/sim_1/behav/xsim/glbl.v" Line 6. Module glbl has a timescale but at least one module in design doesn't have timescale.
Completed simulation data flow analysis
Time Resolution for simulation is 1ps
Compiling module xil_defaultlib.freq_divider_MUX
Compiling module xil_defaultlib.shift_register_master
Compiling module xil_defaultlib.counter
Compiling module xil_defaultlib.fsm_master
Compiling module xil_defaultlib.SPI_Master
Compiling module xil_defaultlib.shift_register_slave
Compiling module xil_defaultlib.fsm_slave
Compiling module xil_defaultlib.SPI_Slave
Compiling module xil_defaultlib.SPI
Compiling module xil_defaultlib.tb_top
Compiling module xil_defaultlib.glbl
Built simulation snapshot tb_top_behav
